stdio    D         file_stdio.c:107  file_stdio_fopen                 [   0.00000] opening C:\Users\gabri\source\repos\MyProject\x64\Debug\allegro5.cfg r
system   D            wsystem.c:836  maybe_parent_dir                 [   0.00000] Also searching C:\Users\gabri\source\repos\MyProject\x64\
system   D            wsystem.c:891  _al_win_safe_load_library        [   0.00000] PathFindOnPath found: C:\Windows\system32\shcore.dll
system   D            wsystem.c:797  load_library_at_path             [   0.00000] Calling LoadLibrary C:\Windows\system32\shcore.dll
system   I            wsystem.c:800  load_library_at_path             [   0.00000] Loaded C:\Windows\system32\shcore.dll
system   I             system.c:272  al_install_system                [   0.00000] Allegro version: 5.2.10
dtor     D               dtor.c:196  _al_register_destructor          [   0.00870] added dtor for queue 000001926D369580, func 00007FFE47831C53
dtor     D               dtor.c:196  _al_register_destructor          [   0.01156] added dtor for bitmap 000001926D34ED90, func 00007FFE47831190
dtor     D               dtor.c:196  _al_register_destructor          [   0.01489] added dtor for bitmap 000001926D36EC80, func 00007FFE47831190
dtor     D               dtor.c:196  _al_register_destructor          [   0.01785] added dtor for bitmap 000001926D358090, func 00007FFE47831190
dtor     D               dtor.c:196  _al_register_destructor          [   0.01852] added dtor for sub_bitmap 000001926D3507C0, func 00007FFE47831190
dtor     D               dtor.c:196  _al_register_destructor          [   0.01867] added dtor for sub_bitmap 000001926D3509B0, func 00007FFE47831190
dtor     D               dtor.c:196  _al_register_destructor          [   0.01873] added dtor for sub_bitmap 000001926D350BA0, func 00007FFE47831190
dtor     D               dtor.c:196  _al_register_destructor          [   0.01884] added dtor for sub_bitmap 000001926D3E09A0, func 00007FFE47831190
dtor     D               dtor.c:196  _al_register_destructor          [   0.01890] added dtor for sub_bitmap 000001926D3E0B90, func 00007FFE47831190
dtor     D               dtor.c:196  _al_register_destructor          [   0.01896] added dtor for sub_bitmap 000001926D3E0D80, func 00007FFE47831190
dtor     D               dtor.c:196  _al_register_destructor          [   0.01904] added dtor for sub_bitmap 000001926D3E0F70, func 00007FFE47831190
dtor     D               dtor.c:196  _al_register_destructor          [   0.01910] added dtor for sub_bitmap 000001926D3E1160, func 00007FFE47831190
dtor     D               dtor.c:196  _al_register_destructor          [   0.01919] added dtor for sub_bitmap 000001926D3E1350, func 00007FFE47831190
dtor     D               dtor.c:196  _al_register_destructor          [   0.01926] added dtor for sub_bitmap 000001926D3E1540, func 00007FFE47831190
dtor     D               dtor.c:196  _al_register_destructor          [   0.01933] added dtor for sub_bitmap 000001926D3E1730, func 00007FFE47831190
dtor     D               dtor.c:196  _al_register_destructor          [   0.01946] added dtor for sub_bitmap 000001926D3E1920, func 00007FFE47831190
dtor     D               dtor.c:196  _al_register_destructor          [   0.01968] added dtor for sub_bitmap 000001926D3E1B10, func 00007FFE47831190
dtor     D               dtor.c:196  _al_register_destructor          [   0.02003] added dtor for sub_bitmap 000001926D3E28F0, func 00007FFE47831190
dtor     D               dtor.c:196  _al_register_destructor          [   0.02018] added dtor for sub_bitmap 000001926D3E1F40, func 00007FFE47831190
dtor     D               dtor.c:196  _al_register_destructor          [   0.02032] added dtor for sub_bitmap 000001926D3E2700, func 00007FFE47831190
dtor     D               dtor.c:196  _al_register_destructor          [   0.02059] added dtor for sub_bitmap 000001926D3E2AE0, func 00007FFE47831190
dtor     D               dtor.c:196  _al_register_destructor          [   0.02075] added dtor for sub_bitmap 000001926D3E2320, func 00007FFE47831190
dtor     D               dtor.c:196  _al_register_destructor          [   0.02095] added dtor for sub_bitmap 000001926D3E2510, func 00007FFE47831190
dtor     D               dtor.c:196  _al_register_destructor          [   0.02214] added dtor for sub_bitmap 000001926D3E2130, func 00007FFE47831190
dtor     D               dtor.c:196  _al_register_destructor          [   0.02239] added dtor for sub_bitmap 000001926D3E1D50, func 00007FFE47831190
dtor     D               dtor.c:196  _al_register_destructor          [   0.02252] added dtor for sub_bitmap 000001926D3E2F50, func 00007FFE47831190
dtor     D               dtor.c:196  _al_register_destructor          [   0.02262] added dtor for sub_bitmap 000001926D3E3AF0, func 00007FFE47831190
dtor     D               dtor.c:196  _al_register_destructor          [   0.02272] added dtor for sub_bitmap 000001926D3E3900, func 00007FFE47831190
dtor     D               dtor.c:196  _al_register_destructor          [   0.02278] added dtor for sub_bitmap 000001926D3E4690, func 00007FFE47831190
dtor     D               dtor.c:196  _al_register_destructor          [   0.02283] added dtor for sub_bitmap 000001926D3E3330, func 00007FFE47831190
dtor     D               dtor.c:196  _al_register_destructor          [   0.02288] added dtor for sub_bitmap 000001926D3E3710, func 00007FFE47831190
dtor     D               dtor.c:196  _al_register_destructor          [   0.02295] added dtor for sub_bitmap 000001926D3E44A0, func 00007FFE47831190
dtor     D               dtor.c:196  _al_register_destructor          [   0.02301] added dtor for sub_bitmap 000001926D3E4880, func 00007FFE47831190
dtor     D               dtor.c:196  _al_register_destructor          [   0.02310] added dtor for sub_bitmap 000001926D3E3520, func 00007FFE47831190
dtor     D               dtor.c:196  _al_register_destructor          [   0.02316] added dtor for sub_bitmap 000001926D3E3CE0, func 00007FFE47831190
dtor     D               dtor.c:196  _al_register_destructor          [   0.02321] added dtor for sub_bitmap 000001926D3E40C0, func 00007FFE47831190
dtor     D               dtor.c:196  _al_register_destructor          [   0.02329] added dtor for sub_bitmap 000001926D3E3ED0, func 00007FFE47831190
dtor     D               dtor.c:196  _al_register_destructor          [   0.02336] added dtor for sub_bitmap 000001926D3E42B0, func 00007FFE47831190
dtor     D               dtor.c:196  _al_register_destructor          [   0.02346] added dtor for sub_bitmap 000001926D3E4A70, func 00007FFE47831190
dtor     D               dtor.c:196  _al_register_destructor          [   0.02354] added dtor for sub_bitmap 000001926D3E2D60, func 00007FFE47831190
dtor     D               dtor.c:196  _al_register_destructor          [   0.02363] added dtor for sub_bitmap 000001926D3E3140, func 00007FFE47831190
dtor     D               dtor.c:196  _al_register_destructor          [   0.02408] added dtor for sub_bitmap 000001926D3E7F00, func 00007FFE47831190
dtor     D               dtor.c:196  _al_register_destructor          [   0.02429] added dtor for sub_bitmap 000001926D3E7170, func 00007FFE47831190
dtor     D               dtor.c:196  _al_register_destructor          [   0.02443] added dtor for sub_bitmap 000001926D3E7360, func 00007FFE47831190
dtor     D               dtor.c:196  _al_register_destructor          [   0.02465] added dtor for sub_bitmap 000001926D3E88B0, func 00007FFE47831190
dtor     D               dtor.c:196  _al_register_destructor          [   0.02473] added dtor for sub_bitmap 000001926D3E86C0, func 00007FFE47831190
dtor     D               dtor.c:196  _al_register_destructor          [   0.02481] added dtor for sub_bitmap 000001926D3E7740, func 00007FFE47831190
dtor     D               dtor.c:196  _al_register_destructor          [   0.02487] added dtor for sub_bitmap 000001926D3E7930, func 00007FFE47831190
dtor     D               dtor.c:196  _al_register_destructor          [   0.02495] added dtor for sub_bitmap 000001926D3E7550, func 00007FFE47831190
dtor     D               dtor.c:196  _al_register_destructor          [   0.02505] added dtor for sub_bitmap 000001926D3E7B20, func 00007FFE47831190
dtor     D               dtor.c:196  _al_register_destructor          [   0.02514] added dtor for sub_bitmap 000001926D3E7D10, func 00007FFE47831190
dtor     D               dtor.c:196  _al_register_destructor          [   0.02526] added dtor for sub_bitmap 000001926D3E8AA0, func 00007FFE47831190
dtor     D               dtor.c:196  _al_register_destructor          [   0.02539] added dtor for sub_bitmap 000001926D3E82E0, func 00007FFE47831190
dtor     D               dtor.c:196  _al_register_destructor          [   0.02546] added dtor for sub_bitmap 000001926D3E80F0, func 00007FFE47831190
dtor     D               dtor.c:196  _al_register_destructor          [   0.02568] added dtor for sub_bitmap 000001926D3E84D0, func 00007FFE47831190
dtor     D               dtor.c:196  _al_register_destructor          [   0.02578] added dtor for sub_bitmap 000001926D3E6D90, func 00007FFE47831190
dtor     D               dtor.c:196  _al_register_destructor          [   0.02587] added dtor for sub_bitmap 000001926D3E6F80, func 00007FFE47831190
dtor     D               dtor.c:196  _al_register_destructor          [   0.02595] added dtor for sub_bitmap 000001926D3EA6D0, func 00007FFE47831190
dtor     D               dtor.c:196  _al_register_destructor          [   0.02609] added dtor for sub_bitmap 000001926D3E9B30, func 00007FFE47831190
dtor     D               dtor.c:196  _al_register_destructor          [   0.02620] added dtor for sub_bitmap 000001926D3EA2F0, func 00007FFE47831190
dtor     D               dtor.c:196  _al_register_destructor          [   0.02626] added dtor for sub_bitmap 000001926D3EA8C0, func 00007FFE47831190
dtor     D               dtor.c:196  _al_register_destructor          [   0.02632] added dtor for sub_bitmap 000001926D3E9D20, func 00007FFE47831190
dtor     D               dtor.c:196  _al_register_destructor          [   0.02639] added dtor for sub_bitmap 000001926D3E9940, func 00007FFE47831190
dtor     D               dtor.c:196  _al_register_destructor          [   0.02645] added dtor for sub_bitmap 000001926D3E9750, func 00007FFE47831190
dtor     D               dtor.c:196  _al_register_destructor          [   0.02654] added dtor for sub_bitmap 000001926D3EAAB0, func 00007FFE47831190
dtor     D               dtor.c:196  _al_register_destructor          [   0.02661] added dtor for sub_bitmap 000001926D3E9560, func 00007FFE47831190
dtor     D               dtor.c:196  _al_register_destructor          [   0.02669] added dtor for sub_bitmap 000001926D3E8DA0, func 00007FFE47831190
dtor     D               dtor.c:196  _al_register_destructor          [   0.02677] added dtor for sub_bitmap 000001926D3E8F90, func 00007FFE47831190
dtor     D               dtor.c:196  _al_register_destructor          [   0.02750] added dtor for sub_bitmap 000001926D3E9180, func 00007FFE47831190
dtor     D               dtor.c:196  _al_register_destructor          [   0.02786] added dtor for sub_bitmap 000001926D3E9F10, func 00007FFE47831190
dtor     D               dtor.c:196  _al_register_destructor          [   0.02800] added dtor for sub_bitmap 000001926D3EA100, func 00007FFE47831190
dtor     D               dtor.c:196  _al_register_destructor          [   0.02806] added dtor for sub_bitmap 000001926D3EA4E0, func 00007FFE47831190
dtor     D               dtor.c:196  _al_register_destructor          [   0.02815] added dtor for sub_bitmap 000001926D3E9370, func 00007FFE47831190
dtor     D               dtor.c:196  _al_register_destructor          [   0.02825] added dtor for sub_bitmap 000001926D3ED520, func 00007FFE47831190
dtor     D               dtor.c:196  _al_register_destructor          [   0.02832] added dtor for sub_bitmap 000001926D3EC1C0, func 00007FFE47831190
dtor     D               dtor.c:196  _al_register_destructor          [   0.02839] added dtor for sub_bitmap 000001926D3ED140, func 00007FFE47831190
dtor     D               dtor.c:196  _al_register_destructor          [   0.02846] added dtor for sub_bitmap 000001926D3ED330, func 00007FFE47831190
dtor     D               dtor.c:196  _al_register_destructor          [   0.02854] added dtor for sub_bitmap 000001926D3EC980, func 00007FFE47831190
dtor     D               dtor.c:196  _al_register_destructor          [   0.02865] added dtor for sub_bitmap 000001926D3EDED0, func 00007FFE47831190
dtor     D               dtor.c:196  _al_register_destructor          [   0.02882] added dtor for sub_bitmap 000001926D3ED710, func 00007FFE47831190
dtor     D               dtor.c:196  _al_register_destructor          [   0.02896] added dtor for sub_bitmap 000001926D3ECF50, func 00007FFE47831190
dtor     D               dtor.c:196  _al_register_destructor          [   0.02903] added dtor for sub_bitmap 000001926D3ED900, func 00007FFE47831190
dtor     D               dtor.c:196  _al_register_destructor          [   0.02910] added dtor for sub_bitmap 000001926D3ECB70, func 00007FFE47831190
dtor     D               dtor.c:196  _al_register_destructor          [   0.02918] added dtor for sub_bitmap 000001926D3EDAF0, func 00007FFE47831190
dtor     D               dtor.c:196  _al_register_destructor          [   0.02937] added dtor for sub_bitmap 000001926D3EDCE0, func 00007FFE47831190
dtor     D               dtor.c:196  _al_register_destructor          [   0.02949] added dtor for sub_bitmap 000001926D3EC3B0, func 00007FFE47831190
dtor     D               dtor.c:196  _al_register_destructor          [   0.03540] added dtor for sub_bitmap 000001926D3ECD60, func 00007FFE47831190
dtor     D               dtor.c:196  _al_register_destructor          [   0.03712] added dtor for sub_bitmap 000001926D3EC5A0, func 00007FFE47831190
dtor     D               dtor.c:196  _al_register_destructor          [   0.03956] added dtor for sub_bitmap 000001926D3EC790, func 00007FFE47831190
dtor     D               dtor.c:196  _al_register_destructor          [   0.04028] added dtor for sub_bitmap 000001926D3EFB90, func 00007FFE47831190
dtor     D               dtor.c:196  _al_register_destructor          [   0.04053] added dtor for sub_bitmap 000001926D3F0920, func 00007FFE47831190
dtor     D               dtor.c:196  _al_register_destructor          [   0.04069] added dtor for sub_bitmap 000001926D3EF9A0, func 00007FFE47831190
dtor     D               dtor.c:196  _al_register_destructor          [   0.04083] added dtor for sub_bitmap 000001926D3EFD80, func 00007FFE47831190
dtor     D               dtor.c:196  _al_register_destructor          [   0.04097] added dtor for sub_bitmap 000001926D3F0EF0, func 00007FFE47831190
dtor     D               dtor.c:196  _al_register_destructor          [   0.04355] added dtor for sub_bitmap 000001926D3EF5C0, func 00007FFE47831190
dtor     D               dtor.c:196  _al_register_destructor          [   0.04567] added dtor for sub_bitmap 000001926D3F0540, func 00007FFE47831190
dtor     D               dtor.c:196  _al_register_destructor          [   0.04590] added dtor for sub_bitmap 000001926D3EF1E0, func 00007FFE47831190
dtor     D               dtor.c:196  _al_register_destructor          [   0.04599] added dtor for sub_bitmap 000001926D3EF3D0, func 00007FFE47831190
dtor     D               dtor.c:196  _al_register_destructor          [   0.04607] added dtor for sub_bitmap 000001926D3EF7B0, func 00007FFE47831190
dtor     D               dtor.c:196  _al_register_destructor          [   0.04616] added dtor for sub_bitmap 000001926D3EFF70, func 00007FFE47831190
dtor     D               dtor.c:196  _al_register_destructor          [   0.04626] added dtor for sub_bitmap 000001926D3F0B10, func 00007FFE47831190
dtor     D               dtor.c:196  _al_register_destructor          [   0.04634] added dtor for sub_bitmap 000001926D3F0D00, func 00007FFE47831190
dtor     D               dtor.c:196  _al_register_destructor          [   0.04654] added dtor for sub_bitmap 000001926D3F0730, func 00007FFE47831190
dtor     D               dtor.c:196  _al_register_destructor          [   0.04662] added dtor for sub_bitmap 000001926D3F0160, func 00007FFE47831190
dtor     D               dtor.c:196  _al_register_destructor          [   0.04671] added dtor for sub_bitmap 000001926D3F0350, func 00007FFE47831190
dtor     D               dtor.c:196  _al_register_destructor          [   0.04690] added dtor for sub_bitmap 000001926D3F20D0, func 00007FFE47831190
dtor     D               dtor.c:196  _al_register_destructor          [   0.04699] added dtor for sub_bitmap 000001926D3F22C0, func 00007FFE47831190
dtor     D               dtor.c:196  _al_register_destructor          [   0.04777] added dtor for sub_bitmap 000001926D3F24B0, func 00007FFE47831190
dtor     D               dtor.c:196  _al_register_destructor          [   0.04827] added dtor for sub_bitmap 000001926D3F26A0, func 00007FFE47831190
dtor     D               dtor.c:196  _al_register_destructor          [   0.05286] added dtor for sub_bitmap 000001926D3F2890, func 00007FFE47831190
dtor     D               dtor.c:196  _al_register_destructor          [   0.05728] added dtor for sub_bitmap 000001926D3F2C70, func 00007FFE47831190
dtor     D               dtor.c:196  _al_register_destructor          [   0.05901] added dtor for sub_bitmap 000001926D3F2A80, func 00007FFE47831190
dtor     D               dtor.c:196  _al_register_destructor          [   0.06127] added dtor for sub_bitmap 000001926D3F1CF0, func 00007FFE47831190
dtor     D               dtor.c:196  _al_register_destructor          [   0.06148] added dtor for sub_bitmap 000001926D3F2E60, func 00007FFE47831190
dtor     D               dtor.c:196  _al_register_destructor          [   0.06157] added dtor for sub_bitmap 000001926D3F1910, func 00007FFE47831190
dtor     D               dtor.c:196  _al_register_destructor          [   0.06167] added dtor for sub_bitmap 000001926D3F1EE0, func 00007FFE47831190
dtor     D               dtor.c:196  _al_register_destructor          [   0.06299] added dtor for sub_bitmap 000001926D3F3240, func 00007FFE47831190
dtor     D               dtor.c:196  _al_register_destructor          [   0.06467] added dtor for sub_bitmap 000001926D3F3050, func 00007FFE47831190
dtor     D               dtor.c:196  _al_register_destructor          [   0.06664] added dtor for sub_bitmap 000001926D3F1530, func 00007FFE47831190
dtor     D               dtor.c:196  _al_register_destructor          [   0.07159] added dtor for sub_bitmap 000001926D3F1720, func 00007FFE47831190
dtor     D               dtor.c:196  _al_register_destructor          [   0.07183] added dtor for sub_bitmap 000001926D3F1B00, func 00007FFE47831190
dtor     D               dtor.c:196  _al_register_destructor          [   0.07220] added dtor for sub_bitmap 000001926D3F6AB0, func 00007FFE47831190
dtor     D               dtor.c:196  _al_register_destructor          [   0.07239] added dtor for sub_bitmap 000001926D3F5940, func 00007FFE47831190
dtor     D               dtor.c:196  _al_register_destructor          [   0.07250] added dtor for sub_bitmap 000001926D3F6100, func 00007FFE47831190
dtor     D               dtor.c:196  _al_register_destructor          [   0.07307] added dtor for sub_bitmap 000001926D3F62F0, func 00007FFE47831190
dtor     D               dtor.c:196  _al_register_destructor          [   0.07356] added dtor for sub_bitmap 000001926D3F66D0, func 00007FFE47831190
dtor     D               dtor.c:196  _al_register_destructor          [   0.07371] added dtor for sub_bitmap 000001926D3F68C0, func 00007FFE47831190
dtor     D               dtor.c:196  _al_register_destructor          [   0.07382] added dtor for sub_bitmap 000001926D3F6E90, func 00007FFE47831190
dtor     D               dtor.c:196  _al_register_destructor          [   0.07389] added dtor for sub_bitmap 000001926D3F64E0, func 00007FFE47831190
dtor     D               dtor.c:196  _al_register_destructor          [   0.07397] added dtor for sub_bitmap 000001926D3F6CA0, func 00007FFE47831190
dtor     D               dtor.c:196  _al_register_destructor          [   0.07413] added dtor for sub_bitmap 000001926D3F5B30, func 00007FFE47831190
dtor     D               dtor.c:196  _al_register_destructor          [   0.07423] added dtor for sub_bitmap 000001926D3F7080, func 00007FFE47831190
dtor     D               dtor.c:196  _al_register_destructor          [   0.07445] added dtor for sub_bitmap 000001926D3F7270, func 00007FFE47831190
dtor     D               dtor.c:196  _al_register_destructor          [   0.07501] added dtor for sub_bitmap 000001926D3F5560, func 00007FFE47831190
dtor     D               dtor.c:196  _al_register_destructor          [   0.07539] added dtor for sub_bitmap 000001926D3F5F10, func 00007FFE47831190
dtor     D               dtor.c:196  _al_register_destructor          [   0.07561] added dtor for sub_bitmap 000001926D3F5750, func 00007FFE47831190
dtor     D               dtor.c:196  _al_register_destructor          [   0.07574] added dtor for sub_bitmap 000001926D3F5D20, func 00007FFE47831190
dtor     D               dtor.c:196  _al_register_destructor          [   0.07597] added dtor for sub_bitmap 000001926D3F8AC0, func 00007FFE47831190
dtor     D               dtor.c:196  _al_register_destructor          [   0.07639] added dtor for sub_bitmap 000001926D3F8CB0, func 00007FFE47831190
dtor     D               dtor.c:196  _al_register_destructor          [   0.07660] added dtor for sub_bitmap 000001926D3F8300, func 00007FFE47831190
dtor     D               dtor.c:196  _al_register_destructor          [   0.07677] added dtor for sub_bitmap 000001926D3F8110, func 00007FFE47831190
dtor     D               dtor.c:196  _al_register_destructor          [   0.07773] added dtor for sub_bitmap 000001926D3F86E0, func 00007FFE47831190
dtor     D               dtor.c:196  _al_register_destructor          [   0.07824] added dtor for sub_bitmap 000001926D3F9090, func 00007FFE47831190
dtor     D               dtor.c:196  _al_register_destructor          [   0.07837] added dtor for sub_bitmap 000001926D3F7950, func 00007FFE47831190
dtor     D               dtor.c:196  _al_register_destructor          [   0.07852] added dtor for sub_bitmap 000001926D3F7760, func 00007FFE47831190
dtor     D               dtor.c:196  _al_register_destructor          [   0.07863] added dtor for sub_bitmap 000001926D3F7F20, func 00007FFE47831190
dtor     D               dtor.c:196  _al_register_destructor          [   0.07890] added dtor for sub_bitmap 000001926D3F7B40, func 00007FFE47831190
dtor     D               dtor.c:196  _al_register_destructor          [   0.07905] added dtor for sub_bitmap 000001926D3F7D30, func 00007FFE47831190
dtor     D               dtor.c:196  _al_register_destructor          [   0.07917] added dtor for sub_bitmap 000001926D3F8EA0, func 00007FFE47831190
dtor     D               dtor.c:196  _al_register_destructor          [   0.07926] added dtor for sub_bitmap 000001926D3F84F0, func 00007FFE47831190
dtor     D               dtor.c:196  _al_register_destructor          [   0.07935] added dtor for sub_bitmap 000001926D3F9280, func 00007FFE47831190
dtor     D               dtor.c:196  _al_register_destructor          [   0.07968] added dtor for sub_bitmap 000001926D3F88D0, func 00007FFE47831190
dtor     D               dtor.c:196  _al_register_destructor          [   0.07989] added dtor for sub_bitmap 000001926D3F7570, func 00007FFE47831190
dtor     D               dtor.c:196  _al_register_destructor          [   0.08010] added dtor for sub_bitmap 000001926D3FD030, func 00007FFE47831190
dtor     D               dtor.c:196  _al_register_destructor          [   0.08164] added dtor for sub_bitmap 000001926D3FD7F0, func 00007FFE47831190
dtor     D               dtor.c:196  _al_register_destructor          [   0.08225] added dtor for sub_bitmap 000001926D3FB8F0, func 00007FFE47831190
dtor     D               dtor.c:196  _al_register_destructor          [   0.08256] added dtor for sub_bitmap 000001926D3FBCD0, func 00007FFE47831190
dtor     D               dtor.c:196  _al_register_destructor          [   0.08269] added dtor for sub_bitmap 000001926D3FAF40, func 00007FFE47831190
dtor     D               dtor.c:196  _al_register_destructor          [   0.08277] added dtor for sub_bitmap 000001926D3FD9E0, func 00007FFE47831190
dtor     D               dtor.c:196  _al_register_destructor          [   0.08290] added dtor for sub_bitmap 000001926D3FB510, func 00007FFE47831190
dtor     D               dtor.c:196  _al_register_destructor          [   0.08305] added dtor for sub_bitmap 000001926D3FDBD0, func 00007FFE47831190
dtor     D               dtor.c:196  _al_register_destructor          [   0.08315] added dtor for sub_bitmap 000001926D3FA970, func 00007FFE47831190
dtor     D               dtor.c:196  _al_register_destructor          [   0.08324] added dtor for sub_bitmap 000001926D3FCE40, func 00007FFE47831190
dtor     D               dtor.c:196  _al_register_destructor          [   0.08333] added dtor for sub_bitmap 000001926D3FAD50, func 00007FFE47831190
dtor     D               dtor.c:196  _al_register_destructor          [   0.08345] added dtor for sub_bitmap 000001926D3FE1A0, func 00007FFE47831190
dtor     D               dtor.c:196  _al_register_destructor          [   0.08375] added dtor for sub_bitmap 000001926D3FBEC0, func 00007FFE47831190
dtor     D               dtor.c:196  _al_register_destructor          [   0.08480] added dtor for sub_bitmap 000001926D3FA590, func 00007FFE47831190
dtor     D               dtor.c:196  _al_register_destructor          [   0.08550] added dtor for sub_bitmap 000001926D3FD220, func 00007FFE47831190
dtor     D               dtor.c:196  _al_register_destructor          [   0.08587] added dtor for sub_bitmap 000001926D3FC2A0, func 00007FFE47831190
dtor     D               dtor.c:196  _al_register_destructor          [   0.08612] added dtor for sub_bitmap 000001926D3FB130, func 00007FFE47831190
dtor     D               dtor.c:196  _al_register_destructor          [   0.08758] added dtor for sub_bitmap 000001926D3FA780, func 00007FFE47831190
dtor     D               dtor.c:196  _al_register_destructor          [   0.09055] added dtor for sub_bitmap 000001926D3FAB60, func 00007FFE47831190
dtor     D               dtor.c:196  _al_register_destructor          [   0.09087] added dtor for sub_bitmap 000001926D3FD410, func 00007FFE47831190
dtor     D               dtor.c:196  _al_register_destructor          [   0.09200] added dtor for sub_bitmap 000001926D3FDDC0, func 00007FFE47831190
dtor     D               dtor.c:196  _al_register_destructor          [   0.09409] added dtor for sub_bitmap 000001926D3FC0B0, func 00007FFE47831190
dtor     D               dtor.c:196  _al_register_destructor          [   0.09615] added dtor for sub_bitmap 000001926D3FB320, func 00007FFE47831190
dtor     D               dtor.c:196  _al_register_destructor          [   0.09836] added dtor for sub_bitmap 000001926D3FDFB0, func 00007FFE47831190
dtor     D               dtor.c:196  _al_register_destructor          [   0.09923] added dtor for sub_bitmap 000001926D3FD600, func 00007FFE47831190
dtor     D               dtor.c:196  _al_register_destructor          [   0.10196] added dtor for sub_bitmap 000001926D3FB700, func 00007FFE47831190
dtor     D               dtor.c:196  _al_register_destructor          [   0.10339] added dtor for sub_bitmap 000001926D3FC680, func 00007FFE47831190
dtor     D               dtor.c:196  _al_register_destructor          [   0.10352] added dtor for sub_bitmap 000001926D3FBAE0, func 00007FFE47831190
dtor     D               dtor.c:196  _al_register_destructor          [   0.10363] added dtor for sub_bitmap 000001926D3FC490, func 00007FFE47831190
dtor     D               dtor.c:196  _al_register_destructor          [   0.10380] added dtor for sub_bitmap 000001926D3FC870, func 00007FFE47831190
dtor     D               dtor.c:196  _al_register_destructor          [   0.10391] added dtor for sub_bitmap 000001926D3FCA60, func 00007FFE47831190
dtor     D               dtor.c:196  _al_register_destructor          [   0.10399] added dtor for sub_bitmap 000001926D3FCC50, func 00007FFE47831190
dtor     D               dtor.c:196  _al_register_destructor          [   0.10412] added dtor for sub_bitmap 000001926D4022D0, func 00007FFE47831190
dtor     D               dtor.c:196  _al_register_destructor          [   0.10421] added dtor for sub_bitmap 000001926D402E70, func 00007FFE47831190
dtor     D               dtor.c:196  _al_register_destructor          [   0.10438] added dtor for sub_bitmap 000001926D403DF0, func 00007FFE47831190
dtor     D               dtor.c:196  _al_register_destructor          [   0.10448] added dtor for sub_bitmap 000001926D403A10, func 00007FFE47831190
dtor     D               dtor.c:196  _al_register_destructor          [   0.10457] added dtor for sub_bitmap 000001926D401920, func 00007FFE47831190
dtor     D               dtor.c:196  _al_register_destructor          [   0.10464] added dtor for sub_bitmap 000001926D401B10, func 00007FFE47831190
dtor     D               dtor.c:196  _al_register_destructor          [   0.10470] added dtor for sub_bitmap 000001926D401350, func 00007FFE47831190
dtor     D               dtor.c:196  _al_register_destructor          [   0.10475] added dtor for sub_bitmap 000001926D401D00, func 00007FFE47831190
dtor     D               dtor.c:196  _al_register_destructor          [   0.10481] added dtor for sub_bitmap 000001926D403630, func 00007FFE47831190
dtor     D               dtor.c:196  _al_register_destructor          [   0.10486] added dtor for sub_bitmap 000001926D401540, func 00007FFE47831190
dtor     D               dtor.c:196  _al_register_destructor          [   0.10492] added dtor for sub_bitmap 000001926D4007B0, func 00007FFE47831190
dtor     D               dtor.c:196  _al_register_destructor          [   0.10499] added dtor for sub_bitmap 000001926D403FE0, func 00007FFE47831190
dtor     D               dtor.c:196  _al_register_destructor          [   0.10506] added dtor for sub_bitmap 000001926D401EF0, func 00007FFE47831190
dtor     D               dtor.c:196  _al_register_destructor          [   0.10530] added dtor for sub_bitmap 000001926D4026B0, func 00007FFE47831190
dtor     D               dtor.c:196  _al_register_destructor          [   0.10541] added dtor for sub_bitmap 000001926D403820, func 00007FFE47831190
dtor     D               dtor.c:196  _al_register_destructor          [   0.10568] added dtor for sub_bitmap 000001926D4024C0, func 00007FFE47831190
dtor     D               dtor.c:196  _al_register_destructor          [   0.10577] added dtor for sub_bitmap 000001926D403C00, func 00007FFE47831190
dtor     D               dtor.c:196  _al_register_destructor          [   0.10585] added dtor for sub_bitmap 000001926D4020E0, func 00007FFE47831190
dtor     D               dtor.c:196  _al_register_destructor          [   0.10592] added dtor for sub_bitmap 000001926D4041D0, func 00007FFE47831190
dtor     D               dtor.c:196  _al_register_destructor          [   0.10599] added dtor for sub_bitmap 000001926D4005C0, func 00007FFE47831190
dtor     D               dtor.c:196  _al_register_destructor          [   0.10606] added dtor for sub_bitmap 000001926D4028A0, func 00007FFE47831190
dtor     D               dtor.c:196  _al_register_destructor          [   0.10616] added dtor for sub_bitmap 000001926D4009A0, func 00007FFE47831190
dtor     D               dtor.c:196  _al_register_destructor          [   0.10625] added dtor for sub_bitmap 000001926D403250, func 00007FFE47831190
dtor     D               dtor.c:196  _al_register_destructor          [   0.10634] added dtor for sub_bitmap 000001926D402A90, func 00007FFE47831190
dtor     D               dtor.c:196  _al_register_destructor          [   0.10642] added dtor for sub_bitmap 000001926D402C80, func 00007FFE47831190
dtor     D               dtor.c:196  _al_register_destructor          [   0.10650] added dtor for sub_bitmap 000001926D403440, func 00007FFE47831190
dtor     D               dtor.c:196  _al_register_destructor          [   0.10659] added dtor for sub_bitmap 000001926D403060, func 00007FFE47831190
dtor     D               dtor.c:196  _al_register_destructor          [   0.10676] added dtor for sub_bitmap 000001926D400B90, func 00007FFE47831190
dtor     D               dtor.c:196  _al_register_destructor          [   0.10689] added dtor for sub_bitmap 000001926D400D80, func 00007FFE47831190
dtor     D               dtor.c:196  _al_register_destructor          [   0.10704] added dtor for sub_bitmap 000001926D400F70, func 00007FFE47831190
dtor     D               dtor.c:196  _al_register_destructor          [   0.10712] added dtor for sub_bitmap 000001926D401160, func 00007FFE47831190
dtor     D               dtor.c:196  _al_register_destructor          [   0.10718] added dtor for sub_bitmap 000001926D401730, func 00007FFE47831190
dtor     D               dtor.c:196  _al_register_destructor          [   0.10755] added dtor for sub_bitmap 000001926D408380, func 00007FFE47831190
dtor     D               dtor.c:196  _al_register_destructor          [   0.10766] added dtor for sub_bitmap 000001926D409110, func 00007FFE47831190
dtor     D               dtor.c:196  _al_register_destructor          [   0.10881] added dtor for sub_bitmap 000001926D407020, func 00007FFE47831190
dtor     D               dtor.c:196  _al_register_destructor          [   0.10901] added dtor for sub_bitmap 000001926D407400, func 00007FFE47831190
dtor     D               dtor.c:196  _al_register_destructor          [   0.10922] added dtor for sub_bitmap 000001926D4077E0, func 00007FFE47831190
dtor     D               dtor.c:196  _al_register_destructor          [   0.11121] added dtor for sub_bitmap 000001926D408760, func 00007FFE47831190
dtor     D               dtor.c:196  _al_register_destructor          [   0.11540] added dtor for sub_bitmap 000001926D408570, func 00007FFE47831190
dtor     D               dtor.c:196  _al_register_destructor          [   0.11811] added dtor for sub_bitmap 000001926D409300, func 00007FFE47831190
dtor     D               dtor.c:196  _al_register_destructor          [   0.12158] added dtor for sub_bitmap 000001926D4096E0, func 00007FFE47831190
dtor     D               dtor.c:196  _al_register_destructor          [   0.12187] added dtor for sub_bitmap 000001926D40A280, func 00007FFE47831190
dtor     D               dtor.c:196  _al_register_destructor          [   0.12236] added dtor for sub_bitmap 000001926D408950, func 00007FFE47831190
dtor     D               dtor.c:196  _al_register_destructor          [   0.12257] added dtor for sub_bitmap 000001926D4094F0, func 00007FFE47831190
dtor     D               dtor.c:196  _al_register_destructor          [   0.12309] added dtor for sub_bitmap 000001926D407BC0, func 00007FFE47831190
dtor     D               dtor.c:196  _al_register_destructor          [   0.12714] added dtor for sub_bitmap 000001926D4079D0, func 00007FFE47831190
dtor     D               dtor.c:196  _al_register_destructor          [   0.13922] added dtor for sub_bitmap 000001926D4075F0, func 00007FFE47831190
dtor     D               dtor.c:196  _al_register_destructor          [   0.14233] added dtor for sub_bitmap 000001926D40A660, func 00007FFE47831190
dtor     D               dtor.c:196  _al_register_destructor          [   0.14288] added dtor for sub_bitmap 000001926D408F20, func 00007FFE47831190
dtor     D               dtor.c:196  _al_register_destructor          [   0.14374] added dtor for sub_bitmap 000001926D40A850, func 00007FFE47831190
dtor     D               dtor.c:196  _al_register_destructor          [   0.14394] added dtor for sub_bitmap 000001926D4098D0, func 00007FFE47831190
dtor     D               dtor.c:196  _al_register_destructor          [   0.14546] added dtor for sub_bitmap 000001926D407DB0, func 00007FFE47831190
dtor     D               dtor.c:196  _al_register_destructor          [   0.15607] added dtor for sub_bitmap 000001926D408B40, func 00007FFE47831190
dtor     D               dtor.c:196  _al_register_destructor          [   0.16476] added dtor for sub_bitmap 000001926D40AA40, func 00007FFE47831190
dtor     D               dtor.c:196  _al_register_destructor          [   0.16812] added dtor for sub_bitmap 000001926D40A470, func 00007FFE47831190
dtor     D               dtor.c:196  _al_register_destructor          [   0.17269] added dtor for sub_bitmap 000001926D407210, func 00007FFE47831190
dtor     D               dtor.c:196  _al_register_destructor          [   0.17975] added dtor for sub_bitmap 000001926D409AC0, func 00007FFE47831190
dtor     D               dtor.c:196  _al_register_destructor          [   0.18331] added dtor for sub_bitmap 000001926D408D30, func 00007FFE47831190
dtor     D               dtor.c:196  _al_register_destructor          [   0.18417] added dtor for sub_bitmap 000001926D409CB0, func 00007FFE47831190
dtor     D               dtor.c:196  _al_register_destructor          [   0.18452] added dtor for sub_bitmap 000001926D408190, func 00007FFE47831190
dtor     D               dtor.c:196  _al_register_destructor          [   0.19110] added dtor for sub_bitmap 000001926D406E30, func 00007FFE47831190
dtor     D               dtor.c:196  _al_register_destructor          [   0.19788] added dtor for sub_bitmap 000001926D409EA0, func 00007FFE47831190
dtor     D               dtor.c:196  _al_register_destructor          [   0.19897] added dtor for sub_bitmap 000001926D40A090, func 00007FFE47831190
dtor     D               dtor.c:196  _al_register_destructor          [   0.20144] added dtor for sub_bitmap 000001926D407FA0, func 00007FFE47831190
dtor     D               dtor.c:196  _al_register_destructor          [   0.20361] added dtor for sub_bitmap 000001926D4104A0, func 00007FFE47831190
dtor     D               dtor.c:196  _al_register_destructor          [   0.20387] added dtor for sub_bitmap 000001926D40ED60, func 00007FFE47831190
dtor     D               dtor.c:196  _al_register_destructor          [   0.20398] added dtor for sub_bitmap 000001926D40F710, func 00007FFE47831190
dtor     D               dtor.c:196  _al_register_destructor          [   0.20407] added dtor for sub_bitmap 000001926D40DBF0, func 00007FFE47831190
dtor     D               dtor.c:196  _al_register_destructor          [   0.20467] added dtor for sub_bitmap 000001926D410880, func 00007FFE47831190
dtor     D               dtor.c:196  _al_register_destructor          [   0.20529] added dtor for sub_bitmap 000001926D40F900, func 00007FFE47831190
dtor     D               dtor.c:196  _al_register_destructor          [   0.20537] added dtor for sub_bitmap 000001926D40DFD0, func 00007FFE47831190
dtor     D               dtor.c:196  _al_register_destructor          [   0.20850] added dtor for sub_bitmap 000001926D40F330, func 00007FFE47831190
dtor     D               dtor.c:196  _al_register_destructor          [   0.21327] added dtor for sub_bitmap 000001926D40D430, func 00007FFE47831190
dtor     D               dtor.c:196  _al_register_destructor          [   0.21505] added dtor for sub_bitmap 000001926D40DDE0, func 00007FFE47831190
dtor     D               dtor.c:196  _al_register_destructor          [   0.22150] added dtor for sub_bitmap 000001926D410690, func 00007FFE47831190
dtor     D               dtor.c:196  _al_register_destructor          [   0.22828] added dtor for sub_bitmap 000001926D40E980, func 00007FFE47831190
dtor     D               dtor.c:196  _al_register_destructor          [   0.23317] added dtor for sub_bitmap 000001926D40E790, func 00007FFE47831190
dtor     D               dtor.c:196  _al_register_destructor          [   0.23579] added dtor for sub_bitmap 000001926D40E5A0, func 00007FFE47831190
dtor     D               dtor.c:196  _al_register_destructor          [   0.23688] added dtor for sub_bitmap 000001926D410A70, func 00007FFE47831190
dtor     D               dtor.c:196  _al_register_destructor          [   0.23740] added dtor for sub_bitmap 000001926D40DA00, func 00007FFE47831190
dtor     D               dtor.c:196  _al_register_destructor          [   0.23789] added dtor for sub_bitmap 000001926D40E1C0, func 00007FFE47831190
dtor     D               dtor.c:196  _al_register_destructor          [   0.23805] added dtor for sub_bitmap 000001926D40E3B0, func 00007FFE47831190
dtor     D               dtor.c:196  _al_register_destructor          [   0.23814] added dtor for sub_bitmap 000001926D40EB70, func 00007FFE47831190
dtor     D               dtor.c:196  _al_register_destructor          [   0.23823] added dtor for sub_bitmap 000001926D40FED0, func 00007FFE47831190
dtor     D               dtor.c:196  _al_register_destructor          [   0.23829] added dtor for sub_bitmap 000001926D40EF50, func 00007FFE47831190
dtor     D               dtor.c:196  _al_register_destructor          [   0.23836] added dtor for sub_bitmap 000001926D40F140, func 00007FFE47831190
dtor     D               dtor.c:196  _al_register_destructor          [   0.23842] added dtor for sub_bitmap 000001926D4100C0, func 00007FFE47831190
dtor     D               dtor.c:196  _al_register_destructor          [   0.23849] added dtor for sub_bitmap 000001926D40F520, func 00007FFE47831190
dtor     D               dtor.c:196  _al_register_destructor          [   0.23855] added dtor for sub_bitmap 000001926D40FAF0, func 00007FFE47831190
dtor     D               dtor.c:196  _al_register_destructor          [   0.23861] added dtor for sub_bitmap 000001926D40D050, func 00007FFE47831190
dtor     D               dtor.c:196  _al_register_destructor          [   0.23867] added dtor for sub_bitmap 000001926D40CE60, func 00007FFE47831190
dtor     D               dtor.c:196  _al_register_destructor          [   0.23872] added dtor for sub_bitmap 000001926D40FCE0, func 00007FFE47831190
dtor     D               dtor.c:196  _al_register_destructor          [   0.23879] added dtor for sub_bitmap 000001926D4102B0, func 00007FFE47831190
dtor     D               dtor.c:196  _al_register_destructor          [   0.23884] added dtor for sub_bitmap 000001926D40D240, func 00007FFE47831190
dtor     D               dtor.c:196  _al_register_destructor          [   0.23888] added dtor for sub_bitmap 000001926D40D620, func 00007FFE47831190
dtor     D               dtor.c:196  _al_register_destructor          [   0.23892] added dtor for sub_bitmap 000001926D40D810, func 00007FFE47831190
dtor     D               dtor.c:196  _al_register_destructor          [   0.23900] added dtor for sub_bitmap 000001926D414A80, func 00007FFE47831190
dtor     D               dtor.c:196  _al_register_destructor          [   0.23907] added dtor for sub_bitmap 000001926D418880, func 00007FFE47831190
dtor     D               dtor.c:196  _al_register_destructor          [   0.23910] added dtor for sub_bitmap 000001926D411DF0, func 00007FFE47831190
dtor     D               dtor.c:196  _al_register_destructor          [   0.23914] added dtor for sub_bitmap 000001926D413EE0, func 00007FFE47831190
dtor     D               dtor.c:196  _al_register_destructor          [   0.23918] added dtor for sub_bitmap 000001926D411060, func 00007FFE47831190
dtor     D               dtor.c:196  _al_register_destructor          [   0.23923] added dtor for sub_bitmap 000001926D414890, func 00007FFE47831190
dtor     D               dtor.c:196  _al_register_destructor          [   0.23930] added dtor for sub_bitmap 000001926D415620, func 00007FFE47831190
dtor     D               dtor.c:196  _al_register_destructor          [   0.23936] added dtor for sub_bitmap 000001926D415A00, func 00007FFE47831190
dtor     D               dtor.c:196  _al_register_destructor          [   0.23940] added dtor for sub_bitmap 000001926D414C70, func 00007FFE47831190
dtor     D               dtor.c:196  _al_register_destructor          [   0.23948] added dtor for sub_bitmap 000001926D412D70, func 00007FFE47831190
dtor     D               dtor.c:196  _al_register_destructor          [   0.23960] added dtor for sub_bitmap 000001926D4163B0, func 00007FFE47831190
dtor     D               dtor.c:196  _al_register_destructor          [   0.23974] added dtor for sub_bitmap 000001926D417330, func 00007FFE47831190
dtor     D               dtor.c:196  _al_register_destructor          [   0.23984] added dtor for sub_bitmap 000001926D417520, func 00007FFE47831190
dtor     D               dtor.c:196  _al_register_destructor          [   0.23995] added dtor for sub_bitmap 000001926D4144B0, func 00007FFE47831190
dtor     D               dtor.c:196  _al_register_destructor          [   0.24004] added dtor for sub_bitmap 000001926D413340, func 00007FFE47831190
dtor     D               dtor.c:196  _al_register_destructor          [   0.24015] added dtor for sub_bitmap 000001926D4161C0, func 00007FFE47831190
dtor     D               dtor.c:196  _al_register_destructor          [   0.24024] added dtor for sub_bitmap 000001926D413530, func 00007FFE47831190
dtor     D               dtor.c:196  _al_register_destructor          [   0.24031] added dtor for sub_bitmap 000001926D415BF0, func 00007FFE47831190
dtor     D               dtor.c:196  _al_register_destructor          [   0.24040] added dtor for sub_bitmap 000001926D411A10, func 00007FFE47831190
dtor     D               dtor.c:196  _al_register_destructor          [   0.24048] added dtor for sub_bitmap 000001926D412B80, func 00007FFE47831190
dtor     D               dtor.c:196  _al_register_destructor          [   0.24063] added dtor for sub_bitmap 000001926D417CE0, func 00007FFE47831190
dtor     D               dtor.c:196  _al_register_destructor          [   0.24073] added dtor for sub_bitmap 000001926D4146A0, func 00007FFE47831190
dtor     D               dtor.c:196  _al_register_destructor          [   0.24081] added dtor for sub_bitmap 000001926D4142C0, func 00007FFE47831190
dtor     D               dtor.c:196  _al_register_destructor          [   0.24091] added dtor for sub_bitmap 000001926D413CF0, func 00007FFE47831190
dtor     D               dtor.c:196  _al_register_destructor          [   0.24099] added dtor for sub_bitmap 000001926D417AF0, func 00007FFE47831190
dtor     D               dtor.c:196  _al_register_destructor          [   0.24108] added dtor for sub_bitmap 000001926D4127A0, func 00007FFE47831190
dtor     D               dtor.c:196  _al_register_destructor          [   0.24115] added dtor for sub_bitmap 000001926D412F60, func 00007FFE47831190
dtor     D               dtor.c:196  _al_register_destructor          [   0.24124] added dtor for sub_bitmap 000001926D413150, func 00007FFE47831190
dtor     D               dtor.c:196  _al_register_destructor          [   0.24132] added dtor for sub_bitmap 000001926D413720, func 00007FFE47831190
dtor     D               dtor.c:196  _al_register_destructor          [   0.24287] added dtor for sub_bitmap 000001926D417140, func 00007FFE47831190
dtor     D               dtor.c:196  _al_register_destructor          [   0.25144] added dtor for sub_bitmap 000001926D413910, func 00007FFE47831190
dtor     D               dtor.c:196  _al_register_destructor          [   0.26928] added dtor for sub_bitmap 000001926D413B00, func 00007FFE47831190
dtor     D               dtor.c:196  _al_register_destructor          [   0.27071] added dtor for sub_bitmap 000001926D417710, func 00007FFE47831190
dtor     D               dtor.c:196  _al_register_destructor          [   0.27176] added dtor for sub_bitmap 000001926D414E60, func 00007FFE47831190
dtor     D               dtor.c:196  _al_register_destructor          [   0.27202] added dtor for sub_bitmap 000001926D4165A0, func 00007FFE47831190
dtor     D               dtor.c:196  _al_register_destructor          [   0.27267] added dtor for sub_bitmap 000001926D411440, func 00007FFE47831190
dtor     D               dtor.c:196  _al_register_destructor          [   0.27298] added dtor for sub_bitmap 000001926D4184A0, func 00007FFE47831190
dtor     D               dtor.c:196  _al_register_destructor          [   0.27328] added dtor for sub_bitmap 000001926D4140D0, func 00007FFE47831190
dtor     D               dtor.c:196  _al_register_destructor          [   0.27355] added dtor for sub_bitmap 000001926D415050, func 00007FFE47831190
dtor     D               dtor.c:196  _al_register_destructor          [   0.27375] added dtor for sub_bitmap 000001926D416F50, func 00007FFE47831190
dtor     D               dtor.c:196  _al_register_destructor          [   0.27388] added dtor for sub_bitmap 000001926D417900, func 00007FFE47831190
dtor     D               dtor.c:196  _al_register_destructor          [   0.27438] added dtor for sub_bitmap 000001926D415810, func 00007FFE47831190
dtor     D               dtor.c:196  _al_register_destructor          [   0.27587] added dtor for sub_bitmap 000001926D415240, func 00007FFE47831190
dtor     D               dtor.c:227  _al_unregister_destructor        [   0.27620] removed dtor for bitmap 000001926D36EC80
dtor     D               dtor.c:196  _al_register_destructor          [   0.27742] added dtor for font 000001926D38FC50, func 00007FFF187F129E
dtor     D               dtor.c:227  _al_unregister_destructor        [   0.27883] removed dtor for bitmap 000001926D34ED90
dtor     D               dtor.c:196  _al_register_destructor          [   0.28372] added dtor for timer 000001926D355850, func 00007FFE47831050
system   D            wsystem.c:836  maybe_parent_dir                 [   0.28635] Also searching C:\Users\gabri\source\repos\MyProject\x64\
system   D            wsystem.c:891  _al_win_safe_load_library        [   0.28867] PathFindOnPath found: C:\Windows\system32\d3d9.dll
system   D            wsystem.c:797  load_library_at_path             [   0.29102] Calling LoadLibrary C:\Windows\system32\d3d9.dll
system   I            wsystem.c:800  load_library_at_path             [   0.30289] Loaded C:\Windows\system32\d3d9.dll
d3d      I         d3d_disp.cpp:679  d3d_init_display                 [   0.41103] Render-to-texture: 1
d3d      I         d3d_disp.cpp:1780 d3d_create_display_locked        [   0.41508] faux_fullscreen=0
d3d      D         d3d_disp.cpp:1781 d3d_create_display_locked        [   0.41540] al_display=000001926EEC8960
d3d      D         d3d_disp.cpp:1782 d3d_create_display_locked        [   0.41556] al_display->vt=000001926EEBE720
d3d      I d3d_display_formats.cpp:144  _al_d3d_generate_display_format_list [   0.42506] found 64 format combinations
display  D   display_settings.c:214  debug_display_settings           [   0.42563] color: 32 (rgba 8880), depth: 0, stencil: 0, acc: 0000, samples: 0/0
display  D   display_settings.c:529  _al_score_display_settings       [   0.42579] Score is : 897
display  D   display_settings.c:214  debug_display_settings           [   0.42587] color: 32 (rgba 8880), depth: 0, stencil: 0, acc: 0000, samples: 0/0
display  D   display_settings.c:529  _al_score_display_settings       [   0.42597] Score is : 897
display  D   display_settings.c:214  debug_display_settings           [   0.42607] color: 32 (rgba 8880), depth: 24, stencil: 8, acc: 0000, samples: 0/0
display  D   display_settings.c:529  _al_score_display_settings       [   0.42616] Score is : 897
display  D   display_settings.c:214  debug_display_settings           [   0.42656] color: 32 (rgba 8880), depth: 24, stencil: 8, acc: 0000, samples: 0/0
display  D   display_settings.c:529  _al_score_display_settings       [   0.43039] Score is : 897
display  D   display_settings.c:214  debug_display_settings           [   0.43182] color: 32 (rgba 8880), depth: 24, stencil: 0, acc: 0000, samples: 0/0
display  D   display_settings.c:529  _al_score_display_settings       [   0.44399] Score is : 897
display  D   display_settings.c:214  debug_display_settings           [   0.44643] color: 32 (rgba 8880), depth: 24, stencil: 0, acc: 0000, samples: 0/0
display  D   display_settings.c:529  _al_score_display_settings       [   0.44678] Score is : 897
display  D   display_settings.c:214  debug_display_settings           [   0.44698] color: 32 (rgba 8880), depth: 16, stencil: 0, acc: 0000, samples: 0/0
display  D   display_settings.c:529  _al_score_display_settings       [   0.44739] Score is : 897
display  D   display_settings.c:214  debug_display_settings           [   0.44756] color: 32 (rgba 8880), depth: 16, stencil: 0, acc: 0000, samples: 0/0
display  D   display_settings.c:529  _al_score_display_settings       [   0.44781] Score is : 897
display  D   display_settings.c:214  debug_display_settings           [   0.44794] color: 16 (rgba 5650), depth: 0, stencil: 0, acc: 0000, samples: 0/0
display  D   display_settings.c:529  _al_score_display_settings       [   0.44821] Score is : 897
display  D   display_settings.c:214  debug_display_settings           [   0.45255] color: 16 (rgba 5650), depth: 0, stencil: 0, acc: 0000, samples: 0/0
display  D   display_settings.c:529  _al_score_display_settings       [   0.45318] Score is : 897
display  D   display_settings.c:214  debug_display_settings           [   0.45514] color: 16 (rgba 5650), depth: 24, stencil: 8, acc: 0000, samples: 0/0
display  D   display_settings.c:529  _al_score_display_settings       [   0.45532] Score is : 897
display  D   display_settings.c:214  debug_display_settings           [   0.45555] color: 16 (rgba 5650), depth: 24, stencil: 8, acc: 0000, samples: 0/0
display  D   display_settings.c:529  _al_score_display_settings       [   0.45576] Score is : 897
display  D   display_settings.c:214  debug_display_settings           [   0.45585] color: 16 (rgba 5650), depth: 24, stencil: 0, acc: 0000, samples: 0/0
display  D   display_settings.c:529  _al_score_display_settings       [   0.45601] Score is : 897
display  D   display_settings.c:214  debug_display_settings           [   0.45617] color: 16 (rgba 5650), depth: 24, stencil: 0, acc: 0000, samples: 0/0
display  D   display_settings.c:529  _al_score_display_settings       [   0.45631] Score is : 897
display  D   display_settings.c:214  debug_display_settings           [   0.45660] color: 16 (rgba 5650), depth: 16, stencil: 0, acc: 0000, samples: 0/0
display  D   display_settings.c:529  _al_score_display_settings       [   0.45706] Score is : 897
display  D   display_settings.c:214  debug_display_settings           [   0.45753] color: 16 (rgba 5650), depth: 16, stencil: 0, acc: 0000, samples: 0/0
display  D   display_settings.c:529  _al_score_display_settings       [   0.45815] Score is : 897
display  D   display_settings.c:214  debug_display_settings           [   0.45876] color: 32 (rgba 8880), depth: 0, stencil: 0, acc: 0000, samples: 0/0
display  D   display_settings.c:400  _al_score_display_settings       [   0.45892] Single Buffer requirement not met.
display  D   display_settings.c:214  debug_display_settings           [   0.45903] color: 32 (rgba 8880), depth: 0, stencil: 0, acc: 0000, samples: 0/0
display  D   display_settings.c:400  _al_score_display_settings       [   0.45913] Single Buffer requirement not met.
display  D   display_settings.c:214  debug_display_settings           [   0.45952] color: 32 (rgba 8880), depth: 24, stencil: 8, acc: 0000, samples: 0/0
display  D   display_settings.c:400  _al_score_display_settings       [   0.45988] Single Buffer requirement not met.
display  D   display_settings.c:214  debug_display_settings           [   0.46050] color: 32 (rgba 8880), depth: 24, stencil: 8, acc: 0000, samples: 0/0
display  D   display_settings.c:400  _al_score_display_settings       [   0.46096] Single Buffer requirement not met.
display  D   display_settings.c:214  debug_display_settings           [   0.46118] color: 32 (rgba 8880), depth: 24, stencil: 0, acc: 0000, samples: 0/0
display  D   display_settings.c:400  _al_score_display_settings       [   0.46127] Single Buffer requirement not met.
display  D   display_settings.c:214  debug_display_settings           [   0.46137] color: 32 (rgba 8880), depth: 24, stencil: 0, acc: 0000, samples: 0/0
display  D   display_settings.c:400  _al_score_display_settings       [   0.46149] Single Buffer requirement not met.
display  D   display_settings.c:214  debug_display_settings           [   0.46158] color: 32 (rgba 8880), depth: 16, stencil: 0, acc: 0000, samples: 0/0
display  D   display_settings.c:400  _al_score_display_settings       [   0.46177] Single Buffer requirement not met.
display  D   display_settings.c:214  debug_display_settings           [   0.46197] color: 32 (rgba 8880), depth: 16, stencil: 0, acc: 0000, samples: 0/0
display  D   display_settings.c:400  _al_score_display_settings       [   0.46239] Single Buffer requirement not met.
display  D   display_settings.c:214  debug_display_settings           [   0.46333] color: 16 (rgba 5650), depth: 0, stencil: 0, acc: 0000, samples: 0/0
display  D   display_settings.c:400  _al_score_display_settings       [   0.46385] Single Buffer requirement not met.
display  D   display_settings.c:214  debug_display_settings           [   0.46405] color: 16 (rgba 5650), depth: 0, stencil: 0, acc: 0000, samples: 0/0
display  D   display_settings.c:400  _al_score_display_settings       [   0.46419] Single Buffer requirement not met.
display  D   display_settings.c:214  debug_display_settings           [   0.46444] color: 16 (rgba 5650), depth: 24, stencil: 8, acc: 0000, samples: 0/0
display  D   display_settings.c:400  _al_score_display_settings       [   0.46485] Single Buffer requirement not met.
display  D   display_settings.c:214  debug_display_settings           [   0.46520] color: 16 (rgba 5650), depth: 24, stencil: 8, acc: 0000, samples: 0/0
display  D   display_settings.c:400  _al_score_display_settings       [   0.46538] Single Buffer requirement not met.
display  D   display_settings.c:214  debug_display_settings           [   0.46549] color: 16 (rgba 5650), depth: 24, stencil: 0, acc: 0000, samples: 0/0
display  D   display_settings.c:400  _al_score_display_settings       [   0.46578] Single Buffer requirement not met.
display  D   display_settings.c:214  debug_display_settings           [   0.46595] color: 16 (rgba 5650), depth: 24, stencil: 0, acc: 0000, samples: 0/0
display  D   display_settings.c:400  _al_score_display_settings       [   0.46689] Single Buffer requirement not met.
display  D   display_settings.c:214  debug_display_settings           [   0.46721] color: 16 (rgba 5650), depth: 16, stencil: 0, acc: 0000, samples: 0/0
display  D   display_settings.c:400  _al_score_display_settings       [   0.46750] Single Buffer requirement not met.
display  D   display_settings.c:214  debug_display_settings           [   0.46861] color: 16 (rgba 5650), depth: 16, stencil: 0, acc: 0000, samples: 0/0
display  D   display_settings.c:400  _al_score_display_settings       [   0.46906] Single Buffer requirement not met.
display  D   display_settings.c:214  debug_display_settings           [   0.46923] color: 32 (rgba 8880), depth: 0, stencil: 0, acc: 0000, samples: 0/0
display  D   display_settings.c:529  _al_score_display_settings       [   0.46934] Score is : 769
display  D   display_settings.c:214  debug_display_settings           [   0.46943] color: 32 (rgba 8880), depth: 0, stencil: 0, acc: 0000, samples: 0/0
display  D   display_settings.c:529  _al_score_display_settings       [   0.46971] Score is : 769
display  D   display_settings.c:214  debug_display_settings           [   0.47017] color: 32 (rgba 8880), depth: 24, stencil: 8, acc: 0000, samples: 0/0
display  D   display_settings.c:529  _al_score_display_settings       [   0.47039] Score is : 769
display  D   display_settings.c:214  debug_display_settings           [   0.47185] color: 32 (rgba 8880), depth: 24, stencil: 8, acc: 0000, samples: 0/0
display  D   display_settings.c:529  _al_score_display_settings       [   0.47248] Score is : 769
display  D   display_settings.c:214  debug_display_settings           [   0.47323] color: 32 (rgba 8880), depth: 24, stencil: 0, acc: 0000, samples: 0/0
display  D   display_settings.c:529  _al_score_display_settings       [   0.47347] Score is : 769
display  D   display_settings.c:214  debug_display_settings           [   0.47365] color: 32 (rgba 8880), depth: 24, stencil: 0, acc: 0000, samples: 0/0
display  D   display_settings.c:529  _al_score_display_settings       [   0.47403] Score is : 769
display  D   display_settings.c:214  debug_display_settings           [   0.47428] color: 32 (rgba 8880), depth: 16, stencil: 0, acc: 0000, samples: 0/0
display  D   display_settings.c:529  _al_score_display_settings       [   0.47442] Score is : 769
display  D   display_settings.c:214  debug_display_settings           [   0.47457] color: 32 (rgba 8880), depth: 16, stencil: 0, acc: 0000, samples: 0/0
display  D   display_settings.c:529  _al_score_display_settings       [   0.47467] Score is : 769
display  D   display_settings.c:214  debug_display_settings           [   0.47476] color: 16 (rgba 5650), depth: 0, stencil: 0, acc: 0000, samples: 0/0
display  D   display_settings.c:529  _al_score_display_settings       [   0.47535] Score is : 769
display  D   display_settings.c:214  debug_display_settings           [   0.47609] color: 16 (rgba 5650), depth: 0, stencil: 0, acc: 0000, samples: 0/0
display  D   display_settings.c:529  _al_score_display_settings       [   0.47631] Score is : 769
display  D   display_settings.c:214  debug_display_settings           [   0.47693] color: 16 (rgba 5650), depth: 24, stencil: 8, acc: 0000, samples: 0/0
display  D   display_settings.c:529  _al_score_display_settings       [   0.47711] Score is : 769
display  D   display_settings.c:214  debug_display_settings           [   0.47718] color: 16 (rgba 5650), depth: 24, stencil: 8, acc: 0000, samples: 0/0
display  D   display_settings.c:529  _al_score_display_settings       [   0.47725] Score is : 769
display  D   display_settings.c:214  debug_display_settings           [   0.47733] color: 16 (rgba 5650), depth: 24, stencil: 0, acc: 0000, samples: 0/0
display  D   display_settings.c:529  _al_score_display_settings       [   0.47741] Score is : 769
display  D   display_settings.c:214  debug_display_settings           [   0.47749] color: 16 (rgba 5650), depth: 24, stencil: 0, acc: 0000, samples: 0/0
display  D   display_settings.c:529  _al_score_display_settings       [   0.47757] Score is : 769
display  D   display_settings.c:214  debug_display_settings           [   0.47763] color: 16 (rgba 5650), depth: 16, stencil: 0, acc: 0000, samples: 0/0
display  D   display_settings.c:529  _al_score_display_settings       [   0.47770] Score is : 769
display  D   display_settings.c:214  debug_display_settings           [   0.47789] color: 16 (rgba 5650), depth: 16, stencil: 0, acc: 0000, samples: 0/0
display  D   display_settings.c:529  _al_score_display_settings       [   0.47798] Score is : 769
display  D   display_settings.c:214  debug_display_settings           [   0.48232] color: 32 (rgba 8880), depth: 0, stencil: 0, acc: 0000, samples: 0/0
display  D   display_settings.c:400  _al_score_display_settings       [   0.48618] Single Buffer requirement not met.
display  D   display_settings.c:214  debug_display_settings           [   0.48756] color: 32 (rgba 8880), depth: 0, stencil: 0, acc: 0000, samples: 0/0
display  D   display_settings.c:400  _al_score_display_settings       [   0.48817] Single Buffer requirement not met.
display  D   display_settings.c:214  debug_display_settings           [   0.48869] color: 32 (rgba 8880), depth: 24, stencil: 8, acc: 0000, samples: 0/0
display  D   display_settings.c:400  _al_score_display_settings       [   0.48878] Single Buffer requirement not met.
display  D   display_settings.c:214  debug_display_settings           [   0.48887] color: 32 (rgba 8880), depth: 24, stencil: 8, acc: 0000, samples: 0/0
display  D   display_settings.c:400  _al_score_display_settings       [   0.48958] Single Buffer requirement not met.
display  D   display_settings.c:214  debug_display_settings           [   0.49072] color: 32 (rgba 8880), depth: 24, stencil: 0, acc: 0000, samples: 0/0
display  D   display_settings.c:400  _al_score_display_settings       [   0.49139] Single Buffer requirement not met.
display  D   display_settings.c:214  debug_display_settings           [   0.49479] color: 32 (rgba 8880), depth: 24, stencil: 0, acc: 0000, samples: 0/0
display  D   display_settings.c:400  _al_score_display_settings       [   0.49493] Single Buffer requirement not met.
display  D   display_settings.c:214  debug_display_settings           [   0.49509] color: 32 (rgba 8880), depth: 16, stencil: 0, acc: 0000, samples: 0/0
display  D   display_settings.c:400  _al_score_display_settings       [   0.49548] Single Buffer requirement not met.
display  D   display_settings.c:214  debug_display_settings           [   0.49595] color: 32 (rgba 8880), depth: 16, stencil: 0, acc: 0000, samples: 0/0
display  D   display_settings.c:400  _al_score_display_settings       [   0.49693] Single Buffer requirement not met.
display  D   display_settings.c:214  debug_display_settings           [   0.49777] color: 16 (rgba 5650), depth: 0, stencil: 0, acc: 0000, samples: 0/0
display  D   display_settings.c:400  _al_score_display_settings       [   0.49944] Single Buffer requirement not met.
display  D   display_settings.c:214  debug_display_settings           [   0.50174] color: 16 (rgba 5650), depth: 0, stencil: 0, acc: 0000, samples: 0/0
display  D   display_settings.c:400  _al_score_display_settings       [   0.50222] Single Buffer requirement not met.
display  D   display_settings.c:214  debug_display_settings           [   0.50234] color: 16 (rgba 5650), depth: 24, stencil: 8, acc: 0000, samples: 0/0
display  D   display_settings.c:400  _al_score_display_settings       [   0.50248] Single Buffer requirement not met.
display  D   display_settings.c:214  debug_display_settings           [   0.50259] color: 16 (rgba 5650), depth: 24, stencil: 8, acc: 0000, samples: 0/0
display  D   display_settings.c:400  _al_score_display_settings       [   0.50270] Single Buffer requirement not met.
display  D   display_settings.c:214  debug_display_settings           [   0.50279] color: 16 (rgba 5650), depth: 24, stencil: 0, acc: 0000, samples: 0/0
display  D   display_settings.c:400  _al_score_display_settings       [   0.50287] Single Buffer requirement not met.
display  D   display_settings.c:214  debug_display_settings           [   0.50294] color: 16 (rgba 5650), depth: 24, stencil: 0, acc: 0000, samples: 0/0
display  D   display_settings.c:400  _al_score_display_settings       [   0.50307] Single Buffer requirement not met.
display  D   display_settings.c:214  debug_display_settings           [   0.50352] color: 16 (rgba 5650), depth: 16, stencil: 0, acc: 0000, samples: 0/0
display  D   display_settings.c:400  _al_score_display_settings       [   0.50369] Single Buffer requirement not met.
display  D   display_settings.c:214  debug_display_settings           [   0.50467] color: 16 (rgba 5650), depth: 16, stencil: 0, acc: 0000, samples: 0/0
display  D   display_settings.c:400  _al_score_display_settings       [   0.50530] Single Buffer requirement not met.
d3d      D         d3d_disp.cpp:1677 d3d_create_display_internals     [   0.50568] Trying format 0.
d3d      I         d3d_disp.cpp:1353 d3d_display_thread_proc          [   0.50707] Chose a display format: 23
d3d      I         d3d_disp.cpp:1422 d3d_display_thread_proc          [   0.50744] Normal window.
d3d      I         d3d_disp.cpp:786  d3d_create_device                [   0.60376] Using no depth stencil buffer
d3d      D         d3d_disp.cpp:848  d3d_create_device                [   0.69586] BeginScene succeeded in create_device
d3d      D         d3d_disp.cpp:856  d3d_create_device                [   0.69749] Success
d3d      D         d3d_disp.cpp:1703 d3d_create_display_internals     [   0.69868] Resumed after wait.
d3d      I         d3d_disp.cpp:1736 d3d_create_display_internals     [   0.69901] Format 0 succeeded.
d3d      D         d3d_disp.cpp:1767 d3d_create_display_internals     [   0.69922] Returning d3d_display: 000001926EEC8960
d3d      D         d3d_disp.cpp:1792 d3d_create_display_locked        [   0.69944] al_display=000001926EEC8960
d3d      D         d3d_disp.cpp:1793 d3d_create_display_locked        [   0.69969] al_display->vt=000001926EEBE720
audio-dsound I           dsound.cpp:275  _dsound_open                     [   0.71307] Starting DirectSound...
audio-dsound D           dsound.cpp:288  _dsound_open                     [   0.90167] DirectSoundCreate8 succeeded
audio-dsound I           dsound.cpp:77   get_window                       [   0.90188] Using desktop window: 0000000000010010
audio    I              audio.c:391  do_install_audio                 [   0.90418] Using DirectSound driver
audio-dsound D           dsound.cpp:322  _dsound_allocate_voice           [   0.90496] Allocating voice
audio-dsound D           dsound.cpp:381  _dsound_allocate_voice           [   0.90512] Allocated voice
dtor     D               dtor.c:196  _al_register_destructor          [   0.90520] added dtor for voice 000001926EF06F30, func 00007FFECFC11177
dtor     D               dtor.c:196  _al_register_destructor          [   0.90588] added dtor for mixer 0000019272C06830, func 00007FFECFC11497
audio-dsound D           dsound.cpp:477  _dsound_start_voice              [   0.90600] Starting voice
audio-dsound D           dsound.cpp:505  _dsound_start_voice              [   0.90620] CreateSoundBuffer
audio-dsound D           dsound.cpp:513  _dsound_start_voice              [   0.91158] CreateSoundBuffer succeeded
audio-dsound D           dsound.cpp:519  _dsound_start_voice              [   0.91201] Starting _dsound_update thread
audio-dsound I           dsound.cpp:529  _dsound_start_voice              [   0.91333] Voice started
dtor     D               dtor.c:196  _al_register_destructor          [   0.91352] added dtor for sample_instance 0000019272AAC5E0, func 00007FFECFC11235
audio    D          kcm_mixer.c:121  _al_rechannel_matrix             [   0.91394] sample matrix:
audio    D          kcm_mixer.c:127  _al_rechannel_matrix             [   0.91403] 
audio    D          kcm_mixer.c:127  _al_rechannel_matrix             [   0.91412] 
dtor     D               dtor.c:196  _al_register_destructor          [   0.91422] added dtor for sample_instance 00000192751F6AF0, func 00007FFECFC11235
audio    D          kcm_mixer.c:121  _al_rechannel_matrix             [   0.91438] sample matrix:
audio    D          kcm_mixer.c:127  _al_rechannel_matrix             [   0.91452] 
audio    D          kcm_mixer.c:127  _al_rechannel_matrix             [   0.91486] 
dtor     D               dtor.c:196  _al_register_destructor          [   0.91554] added dtor for sample_instance 0000019272C1C850, func 00007FFECFC11235
audio    D          kcm_mixer.c:121  _al_rechannel_matrix             [   0.91584] sample matrix:
audio    D          kcm_mixer.c:127  _al_rechannel_matrix             [   0.91599] 
audio    D          kcm_mixer.c:127  _al_rechannel_matrix             [   0.91605] 
dtor     D               dtor.c:196  _al_register_destructor          [   0.91617] added dtor for sample_instance 0000019272C1CC10, func 00007FFECFC11235
audio    D          kcm_mixer.c:121  _al_rechannel_matrix             [   0.91626] sample matrix:
audio    D          kcm_mixer.c:127  _al_rechannel_matrix             [   0.91635] 
audio    D          kcm_mixer.c:127  _al_rechannel_matrix             [   0.91646] 
stdio    D         file_stdio.c:107  file_stdio_fopen                 [   0.92307] opening prisma.png rb
stdio    D         file_stdio.c:107  file_stdio_fopen                 [   0.93145] opening prisma.png rb
d3d      D         d3d_disp.cpp:1197 real_choose_bitmap_format        [   0.93876] Fake format
d3d      D         d3d_disp.cpp:1197 real_choose_bitmap_format        [   0.93962] Fake format
d3d      D         d3d_disp.cpp:1197 real_choose_bitmap_format        [   0.93972] Fake format
d3d      D         d3d_disp.cpp:1197 real_choose_bitmap_format        [   0.93984] Fake format
d3d      D         d3d_disp.cpp:1197 real_choose_bitmap_format        [   0.93994] Fake format
d3d      D         d3d_disp.cpp:1197 real_choose_bitmap_format        [   0.94017] Fake format
d3d      D         d3d_disp.cpp:1197 real_choose_bitmap_format        [   0.94028] Fake format
d3d      D         d3d_disp.cpp:1197 real_choose_bitmap_format        [   0.94035] Fake format
d3d      D         d3d_disp.cpp:1197 real_choose_bitmap_format        [   0.94041] Fake format
d3d      D         d3d_disp.cpp:1205 real_choose_bitmap_format        [   0.94047] Alpha doesn't match
d3d      D         d3d_disp.cpp:1212 real_choose_bitmap_format        [   0.94053] Adapter format is 23
d3d      D         d3d_disp.cpp:1215 real_choose_bitmap_format        [   0.94059] Found a format
d3d      I         d3d_disp.cpp:2386 d3d_create_bitmap                [   0.94066] Chose bitmap format 9
dtor     D               dtor.c:196  _al_register_destructor          [   0.94245] added dtor for bitmap 000001926D415DE0, func 00007FFE47831190
stdio    D         file_stdio.c:107  file_stdio_fopen                 [   0.95193] opening prisma_claro.png rb
stdio    D         file_stdio.c:107  file_stdio_fopen                 [   0.95402] opening prisma_claro.png rb
d3d      D         d3d_disp.cpp:1197 real_choose_bitmap_format        [   0.95460] Fake format
d3d      D         d3d_disp.cpp:1197 real_choose_bitmap_format        [   0.95470] Fake format
d3d      D         d3d_disp.cpp:1197 real_choose_bitmap_format        [   0.95483] Fake format
d3d      D         d3d_disp.cpp:1197 real_choose_bitmap_format        [   0.95499] Fake format
d3d      D         d3d_disp.cpp:1197 real_choose_bitmap_format        [   0.95507] Fake format
d3d      D         d3d_disp.cpp:1197 real_choose_bitmap_format        [   0.95517] Fake format
d3d      D         d3d_disp.cpp:1197 real_choose_bitmap_format        [   0.95523] Fake format
d3d      D         d3d_disp.cpp:1197 real_choose_bitmap_format        [   0.95529] Fake format
d3d      D         d3d_disp.cpp:1197 real_choose_bitmap_format        [   0.95537] Fake format
d3d      D         d3d_disp.cpp:1205 real_choose_bitmap_format        [   0.95544] Alpha doesn't match
d3d      D         d3d_disp.cpp:1212 real_choose_bitmap_format        [   0.95554] Adapter format is 23
d3d      D         d3d_disp.cpp:1215 real_choose_bitmap_format        [   0.95566] Found a format
d3d      I         d3d_disp.cpp:2386 d3d_create_bitmap                [   0.95580] Chose bitmap format 9
dtor     D               dtor.c:196  _al_register_destructor          [   0.95686] added dtor for bitmap 000001926D4182B0, func 00007FFE47831190
d3d      D          d3d_bmp.cpp:539  _al_d3d_sync_bitmap              [   0.99362] _al_d3d_sync_bitmap (system) ref count == 1
d3d      D          d3d_bmp.cpp:545  _al_d3d_sync_bitmap              [   0.99470] _al_d3d_sync_bitmap (video) ref count == 1
d3d      D          d3d_bmp.cpp:539  _al_d3d_sync_bitmap              [   0.99638] _al_d3d_sync_bitmap (system) ref count == 1
d3d      D          d3d_bmp.cpp:545  _al_d3d_sync_bitmap              [   0.99753] _al_d3d_sync_bitmap (video) ref count == 1
